This file contains any messages produced by compilers while
running configure, to aid debugging if configure makes a mistake.

It was created by dmucs configure 0.5, which was
generated by GNU Autoconf 2.59.  Invocation command line was

  $ ./configure 

## --------- ##
## Platform. ##
## --------- ##

hostname = zt-2013813
uname -m = x86_64
uname -r = 5.15.167.4-microsoft-standard-WSL2
uname -s = Linux
uname -v = #1 SMP Tue Nov 5 00:21:55 UTC 2024

/usr/bin/uname -p = unknown
/bin/uname -X     = unknown

/bin/arch              = x86_64
/usr/bin/arch -k       = unknown
/usr/convex/getsysinfo = unknown
hostinfo               = unknown
/bin/machine           = unknown
/usr/bin/oslevel       = unknown
/bin/universe          = unknown

PATH: /usr/local/sbin
PATH: /usr/local/bin
PATH: /usr/sbin
PATH: /usr/bin
PATH: /sbin
PATH: /bin
PATH: /usr/games
PATH: /usr/local/games
PATH: /usr/lib/wsl/lib
PATH: /mnt/c/Program Files/WindowsApps/KaliLinux.54290C8133FEE_1.2024.4.0_x64__ey8k8hqnwqnmg
PATH: /mnt/c/Users/gudongcheng/AppData/Local/Programs/cursor/resources/app/bin
PATH: /mnt/c/Python313/Scripts/
PATH: /mnt/c/Python313/
PATH: /mnt/c/Program Files/NVIDIA GPU Computing Toolkit/CUDA/v12.2/bin
PATH: /mnt/c/Program Files/NVIDIA GPU Computing Toolkit/CUDA/v12.2/libnvvp
PATH: /mnt/c/Program Files/OpenLogic/jdk-17.0.13.11-hotspot/bin
PATH: /mnt/c/Windows/system32
PATH: /mnt/c/Windows
PATH: /mnt/c/Windows/System32/Wbem
PATH: /mnt/c/Windows/System32/WindowsPowerShell/v1.0/
PATH: /mnt/c/Windows/System32/OpenSSH/
PATH: /mnt/c/Program Files/TortoiseSVN/bin
PATH: /mnt/c/Program Files/Bandizip/
PATH: /mnt/c/Program Files/Microsoft SQL Server/150/Tools/Binn/
PATH: /mnt/c/Program Files (x86)/Windows Kits/10/Windows Performance Toolkit/
PATH: /mnt/c/Program Files/NVIDIA Corporation/Nsight Compute 2023.2.2/
PATH: /mnt/c/Program Files (x86)/NVIDIA Corporation/PhysX/Common
PATH: /mnt/c/Program Files/NVIDIA Corporation/NVIDIA NvDLISR
PATH: /mnt/c/Program Files/Microsoft SQL Server/Client SDK/ODBC/170/Tools/Binn/
PATH: /mnt/c/Program Files/dotnet/
PATH: /mnt/d/Program Files/nodejs/
PATH: /mnt/c/ProgramData/chocolatey/bin
PATH: /mnt/d/conda
PATH: /mnt/d/conda/Library/mingw-w64/bin
PATH: /mnt/d/conda/Library/usr/bin
PATH: /mnt/d/conda/Library/bin
PATH: /mnt/d/conda/Scripts
PATH: /mnt/c/Users
PATH: /mnt/c/Users/gudongcheng/AppData/Local/Programs/cursor/resources/app/bin
PATH: /mnt/d/conda
PATH: /mnt/d/conda/Library/mingw-w64/bin
PATH: /mnt/d/conda/Library/usr/bin
PATH: /mnt/d/conda/Library/bin
PATH: /mnt/d/conda/Scripts
PATH: /mnt/c/Users/gudongcheng/AppData/Local/Microsoft/WindowsApps
PATH: /mnt/d/Git/bin
PATH: /mnt/d/bazel
PATH: /mnt/d/QEMU
PATH: /mnt/d/Microsoft VS Code/bin
PATH: /mnt/c/Program Files/SSHFS-Win/bin
PATH: /mnt/d/msys64/ucrt64/bin
PATH: /mnt/c/Users/gudongcheng/.dotnet/tools
PATH: /mnt/d/cpp_projs/vcpkg
PATH: /mnt/c/Users/gudongcheng/AppData/Roaming/npm
PATH: /mnt/c/Users/gudongcheng/.lmstudio/bin


## ----------- ##
## Core tests. ##
## ----------- ##

configure:1365: checking for a BSD-compatible install
configure:1420: result: /usr/bin/install -c
configure:1431: checking whether build environment is sane
configure:1474: result: yes
configure:1539: checking for gawk
configure:1555: found /usr/bin/gawk
configure:1565: result: gawk
configure:1575: checking whether make sets $(MAKE)
configure:1595: result: yes
configure:1817: checking for g++
configure:1833: found /usr/bin/g++
configure:1843: result: g++
configure:1859: checking for C++ compiler version
configure:1862: g++ --version </dev/null >&5
g++ (Debian 14.2.0-8) 14.2.0
Copyright (C) 2024 Free Software Foundation, Inc.
This is free software; see the source for copying conditions.  There is NO
warranty; not even for MERCHANTABILITY or FITNESS FOR A PARTICULAR PURPOSE.

configure:1865: $? = 0
configure:1867: g++ -v </dev/null >&5
Using built-in specs.
COLLECT_GCC=g++
COLLECT_LTO_WRAPPER=/usr/libexec/gcc/x86_64-linux-gnu/14/lto-wrapper
OFFLOAD_TARGET_NAMES=nvptx-none:amdgcn-amdhsa
OFFLOAD_TARGET_DEFAULT=1
Target: x86_64-linux-gnu
Configured with: ../src/configure -v --with-pkgversion='Debian 14.2.0-8' --with-bugurl=file:///usr/share/doc/gcc-14/README.Bugs --enable-languages=c,ada,c++,go,d,fortran,objc,obj-c++,m2,rust --prefix=/usr --with-gcc-major-version-only --program-suffix=-14 --program-prefix=x86_64-linux-gnu- --enable-shared --enable-linker-build-id --libexecdir=/usr/libexec --without-included-gettext --enable-threads=posix --libdir=/usr/lib --enable-nls --enable-bootstrap --enable-clocale=gnu --enable-libstdcxx-debug --enable-libstdcxx-time=yes --with-default-libstdcxx-abi=new --enable-libstdcxx-backtrace --enable-gnu-unique-object --disable-vtable-verify --enable-plugin --enable-default-pie --with-system-zlib --enable-libphobos-checking=release --with-target-system-zlib=auto --enable-objc-gc=auto --enable-multiarch --disable-werror --enable-cet --with-arch-32=i686 --with-abi=m64 --with-multilib-list=m32,m64,mx32 --enable-multilib --with-tune=generic --enable-offload-targets=nvptx-none=/build/reproducible-path/gcc-14-14.2.0/debian/tmp-nvptx/usr,amdgcn-amdhsa=/build/reproducible-path/gcc-14-14.2.0/debian/tmp-gcn/usr --enable-offload-defaulted --without-cuda-driver --enable-checking=release --build=x86_64-linux-gnu --host=x86_64-linux-gnu --target=x86_64-linux-gnu --with-build-config=bootstrap-lto-lean --enable-link-serialization=3
Thread model: posix
Supported LTO compression algorithms: zlib zstd
gcc version 14.2.0 (Debian 14.2.0-8) 
configure:1870: $? = 0
configure:1872: g++ -V </dev/null >&5
g++: error: unrecognized command-line option '-V'
g++: fatal error: no input files
compilation terminated.
configure:1875: $? = 1
configure:1898: checking for C++ compiler default output file name
configure:1901: g++    conftest.cc  >&5
configure:1904: $? = 0
configure:1950: result: a.out
configure:1955: checking whether the C++ compiler works
configure:1961: ./a.out
configure:1964: $? = 0
configure:1981: result: yes
configure:1988: checking whether we are cross compiling
configure:1990: result: no
configure:1993: checking for suffix of executables
configure:1995: g++ -o conftest    conftest.cc  >&5
configure:1998: $? = 0
configure:2023: result: 
configure:2029: checking for suffix of object files
configure:2050: g++ -c   conftest.cc >&5
configure:2053: $? = 0
configure:2075: result: o
configure:2079: checking whether we are using the GNU C++ compiler
configure:2103: g++ -c   conftest.cc >&5
configure:2109: $? = 0
configure:2113: test -z 
			 || test ! -s conftest.err
configure:2116: $? = 0
configure:2119: test -s conftest.o
configure:2122: $? = 0
configure:2135: result: yes
configure:2141: checking whether g++ accepts -g
configure:2162: g++ -c -g  conftest.cc >&5
configure:2168: $? = 0
configure:2172: test -z 
			 || test ! -s conftest.err
configure:2175: $? = 0
configure:2178: test -s conftest.o
configure:2181: $? = 0
configure:2192: result: yes
configure:2234: g++ -c -g -O2  conftest.cc >&5
configure:2240: $? = 0
configure:2244: test -z 
			 || test ! -s conftest.err
configure:2247: $? = 0
configure:2250: test -s conftest.o
configure:2253: $? = 0
configure:2279: g++ -c -g -O2  conftest.cc >&5
conftest.cc: In function 'int main()':
conftest.cc:15:1: error: 'exit' was not declared in this scope
   15 | exit (42);
      | ^~~~
conftest.cc:1:1: note: 'exit' is defined in header '<cstdlib>'; this is probably fixable by adding '#include <cstdlib>'
    1 | /* confdefs.h.  */
configure:2285: $? = 1
configure: failed program was:
| /* confdefs.h.  */
| 
| #define PACKAGE_NAME "dmucs"
| #define PACKAGE_TARNAME "dmucs"
| #define PACKAGE_VERSION "0.5"
| #define PACKAGE_STRING "dmucs 0.5"
| #define PACKAGE_BUGREPORT "vic.norman@gmail.com"
| #define PACKAGE "dmucs"
| #define VERSION "0.5"
| /* end confdefs.h.  */
| 
| int
| main ()
| {
| exit (42);
|   ;
|   return 0;
| }
configure:2234: g++ -c -g -O2  conftest.cc >&5
conftest.cc:11:17: warning: 'void std::exit(int)' has not been declared within 'std'
   11 | extern "C" void std::exit (int) throw (); using std::exit;
      |                 ^~~
<built-in>: note: only here as a 'friend'
configure:2240: $? = 0
configure:2244: test -z 
			 || test ! -s conftest.err
configure:2247: $? = 0
configure:2250: test -s conftest.o
configure:2253: $? = 0
configure:2279: g++ -c -g -O2  conftest.cc >&5
conftest.cc:11:17: warning: 'void std::exit(int)' has not been declared within 'std'
   11 | extern "C" void std::exit (int) throw (); using std::exit;
      |                 ^~~
<built-in>: note: only here as a 'friend'
configure:2285: $? = 0
configure:2289: test -z 
			 || test ! -s conftest.err
configure:2292: $? = 0
configure:2295: test -s conftest.o
configure:2298: $? = 0
configure:2332: checking for style of include used by make
configure:2360: result: GNU
configure:2388: checking dependency style of g++
configure:2478: result: gcc3
configure:2541: checking for gcc
configure:2557: found /usr/bin/gcc
configure:2567: result: gcc
configure:2811: checking for C compiler version
configure:2814: gcc --version </dev/null >&5
gcc (Debian 14.2.0-8) 14.2.0
Copyright (C) 2024 Free Software Foundation, Inc.
This is free software; see the source for copying conditions.  There is NO
warranty; not even for MERCHANTABILITY or FITNESS FOR A PARTICULAR PURPOSE.

configure:2817: $? = 0
configure:2819: gcc -v </dev/null >&5
Using built-in specs.
COLLECT_GCC=gcc
COLLECT_LTO_WRAPPER=/usr/libexec/gcc/x86_64-linux-gnu/14/lto-wrapper
OFFLOAD_TARGET_NAMES=nvptx-none:amdgcn-amdhsa
OFFLOAD_TARGET_DEFAULT=1
Target: x86_64-linux-gnu
Configured with: ../src/configure -v --with-pkgversion='Debian 14.2.0-8' --with-bugurl=file:///usr/share/doc/gcc-14/README.Bugs --enable-languages=c,ada,c++,go,d,fortran,objc,obj-c++,m2,rust --prefix=/usr --with-gcc-major-version-only --program-suffix=-14 --program-prefix=x86_64-linux-gnu- --enable-shared --enable-linker-build-id --libexecdir=/usr/libexec --without-included-gettext --enable-threads=posix --libdir=/usr/lib --enable-nls --enable-bootstrap --enable-clocale=gnu --enable-libstdcxx-debug --enable-libstdcxx-time=yes --with-default-libstdcxx-abi=new --enable-libstdcxx-backtrace --enable-gnu-unique-object --disable-vtable-verify --enable-plugin --enable-default-pie --with-system-zlib --enable-libphobos-checking=release --with-target-system-zlib=auto --enable-objc-gc=auto --enable-multiarch --disable-werror --enable-cet --with-arch-32=i686 --with-abi=m64 --with-multilib-list=m32,m64,mx32 --enable-multilib --with-tune=generic --enable-offload-targets=nvptx-none=/build/reproducible-path/gcc-14-14.2.0/debian/tmp-nvptx/usr,amdgcn-amdhsa=/build/reproducible-path/gcc-14-14.2.0/debian/tmp-gcn/usr --enable-offload-defaulted --without-cuda-driver --enable-checking=release --build=x86_64-linux-gnu --host=x86_64-linux-gnu --target=x86_64-linux-gnu --with-build-config=bootstrap-lto-lean --enable-link-serialization=3
Thread model: posix
Supported LTO compression algorithms: zlib zstd
gcc version 14.2.0 (Debian 14.2.0-8) 
configure:2822: $? = 0
configure:2824: gcc -V </dev/null >&5
gcc: error: unrecognized command-line option '-V'
gcc: fatal error: no input files
compilation terminated.
configure:2827: $? = 1
configure:2830: checking whether we are using the GNU C compiler
configure:2854: gcc -c   conftest.c >&5
configure:2860: $? = 0
configure:2864: test -z 
			 || test ! -s conftest.err
configure:2867: $? = 0
configure:2870: test -s conftest.o
configure:2873: $? = 0
configure:2886: result: yes
configure:2892: checking whether gcc accepts -g
configure:2913: gcc -c -g  conftest.c >&5
configure:2919: $? = 0
configure:2923: test -z 
			 || test ! -s conftest.err
configure:2926: $? = 0
configure:2929: test -s conftest.o
configure:2932: $? = 0
configure:2943: result: yes
configure:2960: checking for gcc option to accept ANSI C
configure:3030: gcc  -c -g -O2  conftest.c >&5
configure:3036: $? = 0
configure:3040: test -z 
			 || test ! -s conftest.err
configure:3043: $? = 0
configure:3046: test -s conftest.o
configure:3049: $? = 0
configure:3067: result: none needed
configure:3085: gcc -c -g -O2  conftest.c >&5
conftest.c:2:3: error: unknown type name 'choke'
    2 |   choke me
      |   ^~~~~
conftest.c:2:3: error: expected '=', ',', ';', 'asm' or '__attribute__' at end of input
configure:3091: $? = 1
configure: failed program was:
| #ifndef __cplusplus
|   choke me
| #endif
configure:3226: checking dependency style of gcc
configure:3316: result: gcc3
configure:3337: checking for gethostbyname in -lnsl
configure:3367: gcc -o conftest -g -O2   conftest.c -lnsl   >&5
/usr/bin/ld: cannot find -lnsl: No such file or directory
collect2: error: ld returned 1 exit status
configure:3373: $? = 1
configure: failed program was:
| /* confdefs.h.  */
| 
| #define PACKAGE_NAME "dmucs"
| #define PACKAGE_TARNAME "dmucs"
| #define PACKAGE_VERSION "0.5"
| #define PACKAGE_STRING "dmucs 0.5"
| #define PACKAGE_BUGREPORT "vic.norman@gmail.com"
| #define PACKAGE "dmucs"
| #define VERSION "0.5"
| #ifdef __cplusplus
| extern "C" void std::exit (int) throw (); using std::exit;
| #endif
| /* end confdefs.h.  */
| 
| /* Override any gcc2 internal prototype to avoid an error.  */
| #ifdef __cplusplus
| extern "C"
| #endif
| /* We use char because int might match the return type of a gcc2
|    builtin and then its argument prototype would still apply.  */
| char gethostbyname ();
| int
| main ()
| {
| gethostbyname ();
|   ;
|   return 0;
| }
configure:3399: result: no
configure:3411: checking for gethostbyaddr_r in -lnsl
configure:3441: gcc -o conftest -g -O2   conftest.c -lnsl   >&5
/usr/bin/ld: cannot find -lnsl: No such file or directory
collect2: error: ld returned 1 exit status
configure:3447: $? = 1
configure: failed program was:
| /* confdefs.h.  */
| 
| #define PACKAGE_NAME "dmucs"
| #define PACKAGE_TARNAME "dmucs"
| #define PACKAGE_VERSION "0.5"
| #define PACKAGE_STRING "dmucs 0.5"
| #define PACKAGE_BUGREPORT "vic.norman@gmail.com"
| #define PACKAGE "dmucs"
| #define VERSION "0.5"
| #ifdef __cplusplus
| extern "C" void std::exit (int) throw (); using std::exit;
| #endif
| /* end confdefs.h.  */
| 
| /* Override any gcc2 internal prototype to avoid an error.  */
| #ifdef __cplusplus
| extern "C"
| #endif
| /* We use char because int might match the return type of a gcc2
|    builtin and then its argument prototype would still apply.  */
| char gethostbyaddr_r ();
| int
| main ()
| {
| gethostbyaddr_r ();
|   ;
|   return 0;
| }
configure:3473: result: no
configure:3485: checking for socket in -lsocket
configure:3515: gcc -o conftest -g -O2   conftest.c -lsocket   >&5
/usr/bin/ld: cannot find -lsocket: No such file or directory
collect2: error: ld returned 1 exit status
configure:3521: $? = 1
configure: failed program was:
| /* confdefs.h.  */
| 
| #define PACKAGE_NAME "dmucs"
| #define PACKAGE_TARNAME "dmucs"
| #define PACKAGE_VERSION "0.5"
| #define PACKAGE_STRING "dmucs 0.5"
| #define PACKAGE_BUGREPORT "vic.norman@gmail.com"
| #define PACKAGE "dmucs"
| #define VERSION "0.5"
| #ifdef __cplusplus
| extern "C" void std::exit (int) throw (); using std::exit;
| #endif
| /* end confdefs.h.  */
| 
| /* Override any gcc2 internal prototype to avoid an error.  */
| #ifdef __cplusplus
| extern "C"
| #endif
| /* We use char because int might match the return type of a gcc2
|    builtin and then its argument prototype would still apply.  */
| char socket ();
| int
| main ()
| {
| socket ();
|   ;
|   return 0;
| }
configure:3547: result: no
configure:3559: checking for pthread_mutex_lock in -lpthread
configure:3589: gcc -o conftest -g -O2   conftest.c -lpthread   >&5
configure:3595: $? = 0
configure:3599: test -z 
			 || test ! -s conftest.err
configure:3602: $? = 0
configure:3605: test -s conftest
configure:3608: $? = 0
configure:3621: result: yes
configure:3639: checking how to run the C preprocessor
configure:3674: gcc -E  conftest.c
configure:3680: $? = 0
configure:3712: gcc -E  conftest.c
conftest.c:15:10: fatal error: ac_nonexistent.h: No such file or directory
   15 | #include <ac_nonexistent.h>
      |          ^~~~~~~~~~~~~~~~~~
compilation terminated.
configure:3718: $? = 1
configure: failed program was:
| /* confdefs.h.  */
| 
| #define PACKAGE_NAME "dmucs"
| #define PACKAGE_TARNAME "dmucs"
| #define PACKAGE_VERSION "0.5"
| #define PACKAGE_STRING "dmucs 0.5"
| #define PACKAGE_BUGREPORT "vic.norman@gmail.com"
| #define PACKAGE "dmucs"
| #define VERSION "0.5"
| #ifdef __cplusplus
| extern "C" void std::exit (int) throw (); using std::exit;
| #endif
| #define HAVE_LIBPTHREAD 1
| /* end confdefs.h.  */
| #include <ac_nonexistent.h>
configure:3757: result: gcc -E
configure:3781: gcc -E  conftest.c
configure:3787: $? = 0
configure:3819: gcc -E  conftest.c
conftest.c:15:10: fatal error: ac_nonexistent.h: No such file or directory
   15 | #include <ac_nonexistent.h>
      |          ^~~~~~~~~~~~~~~~~~
compilation terminated.
configure:3825: $? = 1
configure: failed program was:
| /* confdefs.h.  */
| 
| #define PACKAGE_NAME "dmucs"
| #define PACKAGE_TARNAME "dmucs"
| #define PACKAGE_VERSION "0.5"
| #define PACKAGE_STRING "dmucs 0.5"
| #define PACKAGE_BUGREPORT "vic.norman@gmail.com"
| #define PACKAGE "dmucs"
| #define VERSION "0.5"
| #ifdef __cplusplus
| extern "C" void std::exit (int) throw (); using std::exit;
| #endif
| #define HAVE_LIBPTHREAD 1
| /* end confdefs.h.  */
| #include <ac_nonexistent.h>
configure:3869: checking for egrep
configure:3879: result: grep -E
configure:3884: checking for ANSI C header files
configure:3909: gcc -c -g -O2  conftest.c >&5
configure:3915: $? = 0
configure:3919: test -z 
			 || test ! -s conftest.err
configure:3922: $? = 0
configure:3925: test -s conftest.o
configure:3928: $? = 0
configure:4017: gcc -o conftest -g -O2   conftest.c -lpthread  >&5
conftest.c: In function 'main':
conftest.c:32:7: error: implicit declaration of function 'exit' [-Wimplicit-function-declaration]
   32 |       exit(2);
      |       ^~~~
conftest.c:16:1: note: include '<stdlib.h>' or provide a declaration of 'exit'
   15 | #include <ctype.h>
  +++ |+#include <stdlib.h>
   16 | #if ((' ' & 0x0FF) == 0x020)
conftest.c:32:7: warning: incompatible implicit declaration of built-in function 'exit' [-Wbuiltin-declaration-mismatch]
   32 |       exit(2);
      |       ^~~~
conftest.c:32:7: note: include '<stdlib.h>' or provide a declaration of 'exit'
conftest.c:33:3: warning: incompatible implicit declaration of built-in function 'exit' [-Wbuiltin-declaration-mismatch]
   33 |   exit (0);
      |   ^~~~
conftest.c:33:3: note: include '<stdlib.h>' or provide a declaration of 'exit'
configure:4020: $? = 1
configure: program exited with status 1
configure: failed program was:
| /* confdefs.h.  */
| 
| #define PACKAGE_NAME "dmucs"
| #define PACKAGE_TARNAME "dmucs"
| #define PACKAGE_VERSION "0.5"
| #define PACKAGE_STRING "dmucs 0.5"
| #define PACKAGE_BUGREPORT "vic.norman@gmail.com"
| #define PACKAGE "dmucs"
| #define VERSION "0.5"
| #ifdef __cplusplus
| extern "C" void std::exit (int) throw (); using std::exit;
| #endif
| #define HAVE_LIBPTHREAD 1
| /* end confdefs.h.  */
| #include <ctype.h>
| #if ((' ' & 0x0FF) == 0x020)
| # define ISLOWER(c) ('a' <= (c) && (c) <= 'z')
| # define TOUPPER(c) (ISLOWER(c) ? 'A' + ((c) - 'a') : (c))
| #else
| # define ISLOWER(c) 		   (('a' <= (c) && (c) <= 'i') 		     || ('j' <= (c) && (c) <= 'r') 		     || ('s' <= (c) && (c) <= 'z'))
| # define TOUPPER(c) (ISLOWER(c) ? ((c) | 0x40) : (c))
| #endif
| 
| #define XOR(e, f) (((e) && !(f)) || (!(e) && (f)))
| int
| main ()
| {
|   int i;
|   for (i = 0; i < 256; i++)
|     if (XOR (islower (i), ISLOWER (i))
| 	|| toupper (i) != TOUPPER (i))
|       exit(2);
|   exit (0);
| }
configure:4040: result: no
configure:4064: checking for sys/types.h
configure:4080: gcc -c -g -O2  conftest.c >&5
configure:4086: $? = 0
configure:4090: test -z 
			 || test ! -s conftest.err
configure:4093: $? = 0
configure:4096: test -s conftest.o
configure:4099: $? = 0
configure:4110: result: yes
configure:4064: checking for sys/stat.h
configure:4080: gcc -c -g -O2  conftest.c >&5
configure:4086: $? = 0
configure:4090: test -z 
			 || test ! -s conftest.err
configure:4093: $? = 0
configure:4096: test -s conftest.o
configure:4099: $? = 0
configure:4110: result: yes
configure:4064: checking for stdlib.h
configure:4080: gcc -c -g -O2  conftest.c >&5
configure:4086: $? = 0
configure:4090: test -z 
			 || test ! -s conftest.err
configure:4093: $? = 0
configure:4096: test -s conftest.o
configure:4099: $? = 0
configure:4110: result: yes
configure:4064: checking for string.h
configure:4080: gcc -c -g -O2  conftest.c >&5
configure:4086: $? = 0
configure:4090: test -z 
			 || test ! -s conftest.err
configure:4093: $? = 0
configure:4096: test -s conftest.o
configure:4099: $? = 0
configure:4110: result: yes
configure:4064: checking for memory.h
configure:4080: gcc -c -g -O2  conftest.c >&5
configure:4086: $? = 0
configure:4090: test -z 
			 || test ! -s conftest.err
configure:4093: $? = 0
configure:4096: test -s conftest.o
configure:4099: $? = 0
configure:4110: result: yes
configure:4064: checking for strings.h
configure:4080: gcc -c -g -O2  conftest.c >&5
configure:4086: $? = 0
configure:4090: test -z 
			 || test ! -s conftest.err
configure:4093: $? = 0
configure:4096: test -s conftest.o
configure:4099: $? = 0
configure:4110: result: yes
configure:4064: checking for inttypes.h
configure:4080: gcc -c -g -O2  conftest.c >&5
configure:4086: $? = 0
configure:4090: test -z 
			 || test ! -s conftest.err
configure:4093: $? = 0
configure:4096: test -s conftest.o
configure:4099: $? = 0
configure:4110: result: yes
configure:4064: checking for stdint.h
configure:4080: gcc -c -g -O2  conftest.c >&5
configure:4086: $? = 0
configure:4090: test -z 
			 || test ! -s conftest.err
configure:4093: $? = 0
configure:4096: test -s conftest.o
configure:4099: $? = 0
configure:4110: result: yes
configure:4064: checking for unistd.h
configure:4080: gcc -c -g -O2  conftest.c >&5
configure:4086: $? = 0
configure:4090: test -z 
			 || test ! -s conftest.err
configure:4093: $? = 0
configure:4096: test -s conftest.o
configure:4099: $? = 0
configure:4110: result: yes
configure:4140: checking arpa/inet.h usability
configure:4152: gcc -c -g -O2  conftest.c >&5
configure:4158: $? = 0
configure:4162: test -z 
			 || test ! -s conftest.err
configure:4165: $? = 0
configure:4168: test -s conftest.o
configure:4171: $? = 0
configure:4181: result: yes
configure:4185: checking arpa/inet.h presence
configure:4195: gcc -E  conftest.c
configure:4201: $? = 0
configure:4221: result: yes
configure:4256: checking for arpa/inet.h
configure:4263: result: yes
configure:4140: checking netdb.h usability
configure:4152: gcc -c -g -O2  conftest.c >&5
configure:4158: $? = 0
configure:4162: test -z 
			 || test ! -s conftest.err
configure:4165: $? = 0
configure:4168: test -s conftest.o
configure:4171: $? = 0
configure:4181: result: yes
configure:4185: checking netdb.h presence
configure:4195: gcc -E  conftest.c
configure:4201: $? = 0
configure:4221: result: yes
configure:4256: checking for netdb.h
configure:4263: result: yes
configure:4140: checking netinet/in.h usability
configure:4152: gcc -c -g -O2  conftest.c >&5
configure:4158: $? = 0
configure:4162: test -z 
			 || test ! -s conftest.err
configure:4165: $? = 0
configure:4168: test -s conftest.o
configure:4171: $? = 0
configure:4181: result: yes
configure:4185: checking netinet/in.h presence
configure:4195: gcc -E  conftest.c
configure:4201: $? = 0
configure:4221: result: yes
configure:4256: checking for netinet/in.h
configure:4263: result: yes
configure:4140: checking sys/socket.h usability
configure:4152: gcc -c -g -O2  conftest.c >&5
configure:4158: $? = 0
configure:4162: test -z 
			 || test ! -s conftest.err
configure:4165: $? = 0
configure:4168: test -s conftest.o
configure:4171: $? = 0
configure:4181: result: yes
configure:4185: checking sys/socket.h presence
configure:4195: gcc -E  conftest.c
configure:4201: $? = 0
configure:4221: result: yes
configure:4256: checking for sys/socket.h
configure:4263: result: yes
configure:4131: checking for unistd.h
configure:4136: result: yes
configure:4278: checking for stdbool.h that conforms to C99
configure:4331: gcc -c -g -O2  conftest.c >&5
conftest.c:55:9: warning: variably modified 'd' at file scope
   55 |         char d[(bool) -0.5 == true ? 1 : -1];
      |         ^~~~
conftest.c:57:9: warning: variably modified 'f' at file scope
   57 |         char f[(_Bool) -0.0 == false ? 1 : -1];
      |         ^~~~
configure:4337: $? = 0
configure:4341: test -z 
			 || test ! -s conftest.err
configure:4344: $? = 0
configure:4347: test -s conftest.o
configure:4350: $? = 0
configure:4361: result: yes
configure:4363: checking for _Bool
configure:4387: gcc -c -g -O2  conftest.c >&5
configure:4393: $? = 0
configure:4397: test -z 
			 || test ! -s conftest.err
configure:4400: $? = 0
configure:4403: test -s conftest.o
configure:4406: $? = 0
configure:4417: result: yes
configure:4436: checking for an ANSI C-conforming const
configure:4503: gcc -c -g -O2  conftest.c >&5
configure:4509: $? = 0
configure:4513: test -z 
			 || test ! -s conftest.err
configure:4516: $? = 0
configure:4519: test -s conftest.o
configure:4522: $? = 0
configure:4533: result: yes
configure:4543: checking for inline
configure:4564: gcc -c -g -O2  conftest.c >&5
configure:4570: $? = 0
configure:4574: test -z 
			 || test ! -s conftest.err
configure:4577: $? = 0
configure:4580: test -s conftest.o
configure:4583: $? = 0
configure:4595: result: inline
configure:4616: checking for pid_t
configure:4640: gcc -c -g -O2  conftest.c >&5
configure:4646: $? = 0
configure:4650: test -z 
			 || test ! -s conftest.err
configure:4653: $? = 0
configure:4656: test -s conftest.o
configure:4659: $? = 0
configure:4670: result: yes
configure:4688: checking for unistd.h
configure:4693: result: yes
configure:4697: checking vfork.h usability
configure:4709: gcc -c -g -O2  conftest.c >&5
conftest.c:66:10: fatal error: vfork.h: No such file or directory
   66 | #include <vfork.h>
      |          ^~~~~~~~~
compilation terminated.
configure:4715: $? = 1
configure: failed program was:
| /* confdefs.h.  */
| 
| #define PACKAGE_NAME "dmucs"
| #define PACKAGE_TARNAME "dmucs"
| #define PACKAGE_VERSION "0.5"
| #define PACKAGE_STRING "dmucs 0.5"
| #define PACKAGE_BUGREPORT "vic.norman@gmail.com"
| #define PACKAGE "dmucs"
| #define VERSION "0.5"
| #ifdef __cplusplus
| extern "C" void std::exit (int) throw (); using std::exit;
| #endif
| #define HAVE_LIBPTHREAD 1
| #define HAVE_SYS_TYPES_H 1
| #define HAVE_SYS_STAT_H 1
| #define HAVE_STDLIB_H 1
| #define HAVE_STRING_H 1
| #define HAVE_MEMORY_H 1
| #define HAVE_STRINGS_H 1
| #define HAVE_INTTYPES_H 1
| #define HAVE_STDINT_H 1
| #define HAVE_UNISTD_H 1
| #define HAVE_ARPA_INET_H 1
| #define HAVE_NETDB_H 1
| #define HAVE_NETINET_IN_H 1
| #define HAVE_SYS_SOCKET_H 1
| #define HAVE_UNISTD_H 1
| #define HAVE__BOOL 1
| #define HAVE_STDBOOL_H 1
| #define HAVE_UNISTD_H 1
| /* end confdefs.h.  */
| #include <stdio.h>
| #if HAVE_SYS_TYPES_H
| # include <sys/types.h>
| #endif
| #if HAVE_SYS_STAT_H
| # include <sys/stat.h>
| #endif
| #if STDC_HEADERS
| # include <stdlib.h>
| # include <stddef.h>
| #else
| # if HAVE_STDLIB_H
| #  include <stdlib.h>
| # endif
| #endif
| #if HAVE_STRING_H
| # if !STDC_HEADERS && HAVE_MEMORY_H
| #  include <memory.h>
| # endif
| # include <string.h>
| #endif
| #if HAVE_STRINGS_H
| # include <strings.h>
| #endif
| #if HAVE_INTTYPES_H
| # include <inttypes.h>
| #else
| # if HAVE_STDINT_H
| #  include <stdint.h>
| # endif
| #endif
| #if HAVE_UNISTD_H
| # include <unistd.h>
| #endif
| #include <vfork.h>
configure:4738: result: no
configure:4742: checking vfork.h presence
configure:4752: gcc -E  conftest.c
conftest.c:32:10: fatal error: vfork.h: No such file or directory
   32 | #include <vfork.h>
      |          ^~~~~~~~~
compilation terminated.
configure:4758: $? = 1
configure: failed program was:
| /* confdefs.h.  */
| 
| #define PACKAGE_NAME "dmucs"
| #define PACKAGE_TARNAME "dmucs"
| #define PACKAGE_VERSION "0.5"
| #define PACKAGE_STRING "dmucs 0.5"
| #define PACKAGE_BUGREPORT "vic.norman@gmail.com"
| #define PACKAGE "dmucs"
| #define VERSION "0.5"
| #ifdef __cplusplus
| extern "C" void std::exit (int) throw (); using std::exit;
| #endif
| #define HAVE_LIBPTHREAD 1
| #define HAVE_SYS_TYPES_H 1
| #define HAVE_SYS_STAT_H 1
| #define HAVE_STDLIB_H 1
| #define HAVE_STRING_H 1
| #define HAVE_MEMORY_H 1
| #define HAVE_STRINGS_H 1
| #define HAVE_INTTYPES_H 1
| #define HAVE_STDINT_H 1
| #define HAVE_UNISTD_H 1
| #define HAVE_ARPA_INET_H 1
| #define HAVE_NETDB_H 1
| #define HAVE_NETINET_IN_H 1
| #define HAVE_SYS_SOCKET_H 1
| #define HAVE_UNISTD_H 1
| #define HAVE__BOOL 1
| #define HAVE_STDBOOL_H 1
| #define HAVE_UNISTD_H 1
| /* end confdefs.h.  */
| #include <vfork.h>
configure:4778: result: no
configure:4813: checking for vfork.h
configure:4820: result: no
configure:4838: checking for fork
configure:4895: gcc -o conftest -g -O2   conftest.c -lpthread  >&5
conftest.c:56:6: warning: conflicting types for built-in function 'fork'; expected 'int(void)' [-Wbuiltin-declaration-mismatch]
   56 | char fork ();
      |      ^~~~
configure:4901: $? = 0
configure:4905: test -z 
			 || test ! -s conftest.err
configure:4908: $? = 0
configure:4911: test -s conftest
configure:4914: $? = 0
configure:4926: result: yes
configure:4838: checking for vfork
configure:4895: gcc -o conftest -g -O2   conftest.c -lpthread  >&5
configure:4901: $? = 0
configure:4905: test -z 
			 || test ! -s conftest.err
configure:4908: $? = 0
configure:4911: test -s conftest
configure:4914: $? = 0
configure:4926: result: yes
configure:4937: checking for working fork
configure:4960: gcc -o conftest -g -O2   conftest.c -lpthread  >&5
conftest.c: In function 'main':
conftest.c:9:13: error: implicit declaration of function 'fork' [-Wimplicit-function-declaration]
    9 |         if (fork() < 0)
      |             ^~~~
conftest.c:10:11: error: implicit declaration of function 'exit' [-Wimplicit-function-declaration]
   10 |           exit (1);
      |           ^~~~
conftest.c:3:1: note: include '<stdlib.h>' or provide a declaration of 'exit'
    2 |       #include <sys/types.h>
  +++ |+#include <stdlib.h>
    3 |       #if HAVE_UNISTD_H
conftest.c:10:11: warning: incompatible implicit declaration of built-in function 'exit' [-Wbuiltin-declaration-mismatch]
   10 |           exit (1);
      |           ^~~~
conftest.c:10:11: note: include '<stdlib.h>' or provide a declaration of 'exit'
conftest.c:11:9: warning: incompatible implicit declaration of built-in function 'exit' [-Wbuiltin-declaration-mismatch]
   11 |         exit (0);
      |         ^~~~
conftest.c:11:9: note: include '<stdlib.h>' or provide a declaration of 'exit'
configure:4963: $? = 1
configure: program exited with status 1
configure: failed program was:
| /* By Ruediger Kuhlmann. */
|       #include <sys/types.h>
|       #if HAVE_UNISTD_H
|       # include <unistd.h>
|       #endif
|       /* Some systems only have a dummy stub for fork() */
|       int main ()
|       {
| 	if (fork() < 0)
| 	  exit (1);
| 	exit (0);
|       }
configure:4982: result: no
configure:5003: checking for working vfork
configure:5136: result: yes
configure:5167: checking for ANSI C header files
configure:5323: result: no
configure:5343: checking for gethostbyaddr
configure:5400: gcc -o conftest -g -O2   conftest.c -lpthread  >&5
configure:5406: $? = 0
configure:5410: test -z 
			 || test ! -s conftest.err
configure:5413: $? = 0
configure:5416: test -s conftest
configure:5419: $? = 0
configure:5431: result: yes
configure:5343: checking for gethostbyaddr_r
configure:5400: gcc -o conftest -g -O2   conftest.c -lpthread  >&5
configure:5406: $? = 0
configure:5410: test -z 
			 || test ! -s conftest.err
configure:5413: $? = 0
configure:5416: test -s conftest
configure:5419: $? = 0
configure:5431: result: yes
configure:5343: checking for gethostbyname
configure:5400: gcc -o conftest -g -O2   conftest.c -lpthread  >&5
configure:5406: $? = 0
configure:5410: test -z 
			 || test ! -s conftest.err
configure:5413: $? = 0
configure:5416: test -s conftest
configure:5419: $? = 0
configure:5431: result: yes
configure:5343: checking for gethostname
configure:5400: gcc -o conftest -g -O2   conftest.c -lpthread  >&5
configure:5406: $? = 0
configure:5410: test -z 
			 || test ! -s conftest.err
configure:5413: $? = 0
configure:5416: test -s conftest
configure:5419: $? = 0
configure:5431: result: yes
configure:5343: checking for inet_ntoa
configure:5400: gcc -o conftest -g -O2   conftest.c -lpthread  >&5
configure:5406: $? = 0
configure:5410: test -z 
			 || test ! -s conftest.err
configure:5413: $? = 0
configure:5416: test -s conftest
configure:5419: $? = 0
configure:5431: result: yes
configure:5343: checking for putenv
configure:5400: gcc -o conftest -g -O2   conftest.c -lpthread  >&5
configure:5406: $? = 0
configure:5410: test -z 
			 || test ! -s conftest.err
configure:5413: $? = 0
configure:5416: test -s conftest
configure:5419: $? = 0
configure:5431: result: yes
configure:5343: checking for strerror
configure:5400: gcc -o conftest -g -O2   conftest.c -lpthread  >&5
configure:5406: $? = 0
configure:5410: test -z 
			 || test ! -s conftest.err
configure:5413: $? = 0
configure:5416: test -s conftest
configure:5419: $? = 0
configure:5431: result: yes
configure:5444: checking for gethostbyname in -lnsl
configure:5506: result: no
configure:5518: checking for gethostbyaddr_r
configure:5606: result: yes
configure:5610: checking signature of gethostbyaddr_r
configure:5635: gcc -c -g -O2  conftest.c >&5
configure:5641: $? = 0
configure:5645: test -z 
			 || test ! -s conftest.err
configure:5648: $? = 0
configure:5651: test -s conftest.o
configure:5654: $? = 0
configure:5662: result: 8 args
configure:5809: checking if we need -pthread for threads
configure:5832: gcc -o conftest -g -O2  -pthread  conftest.c -lpthread  >&5
configure:5838: $? = 0
configure:5842: test -z 
			 || test ! -s conftest.err
configure:5845: $? = 0
configure:5848: test -s conftest
configure:5851: $? = 0
configure:5867: result: yes
configure:5879: checking for library containing gethostbyname
configure:5909: gcc -o conftest -g -O2  -pthread  conftest.c  >&5
configure:5915: $? = 0
configure:5919: test -z 
			 || test ! -s conftest.err
configure:5922: $? = 0
configure:5925: test -s conftest
configure:5928: $? = 0
configure:5998: result: none required
configure:6005: checking for library containing socket
configure:6035: gcc -o conftest -g -O2  -pthread  conftest.c  >&5
configure:6041: $? = 0
configure:6045: test -z 
			 || test ! -s conftest.err
configure:6048: $? = 0
configure:6051: test -s conftest
configure:6054: $? = 0
configure:6124: result: none required
configure:6321: creating ./config.status

## ---------------------- ##
## Running config.status. ##
## ---------------------- ##

This file was extended by dmucs config.status 0.5, which was
generated by GNU Autoconf 2.59.  Invocation command line was

  CONFIG_FILES    = 
  CONFIG_HEADERS  = 
  CONFIG_LINKS    = 
  CONFIG_COMMANDS = 
  $ ./config.status 

on zt-2013813

config.status:695: creating Makefile
config.status:799: creating config.h
config.status:943: config.h is unchanged
config.status:1123: executing depfiles commands

## ---------------- ##
## Cache variables. ##
## ---------------- ##

ac_cv_c_compiler_gnu=yes
ac_cv_c_const=yes
ac_cv_c_inline=inline
ac_cv_cxx_compiler_gnu=yes
ac_cv_env_CC_set=
ac_cv_env_CC_value=
ac_cv_env_CFLAGS_set=
ac_cv_env_CFLAGS_value=
ac_cv_env_CPPFLAGS_set=
ac_cv_env_CPPFLAGS_value=
ac_cv_env_CPP_set=
ac_cv_env_CPP_value=
ac_cv_env_CXXFLAGS_set=
ac_cv_env_CXXFLAGS_value=
ac_cv_env_CXX_set=
ac_cv_env_CXX_value=
ac_cv_env_LDFLAGS_set=
ac_cv_env_LDFLAGS_value=
ac_cv_env_build_alias_set=
ac_cv_env_build_alias_value=
ac_cv_env_host_alias_set=
ac_cv_env_host_alias_value=
ac_cv_env_target_alias_set=
ac_cv_env_target_alias_value=
ac_cv_exeext=
ac_cv_func_fork=yes
ac_cv_func_fork_works=no
ac_cv_func_gethostbyaddr=yes
ac_cv_func_gethostbyaddr_r=yes
ac_cv_func_gethostbyname=yes
ac_cv_func_gethostname=yes
ac_cv_func_inet_ntoa=yes
ac_cv_func_putenv=yes
ac_cv_func_strerror=yes
ac_cv_func_vfork=yes
ac_cv_func_vfork_works=yes
ac_cv_header_arpa_inet_h=yes
ac_cv_header_inttypes_h=yes
ac_cv_header_memory_h=yes
ac_cv_header_netdb_h=yes
ac_cv_header_netinet_in_h=yes
ac_cv_header_stdbool_h=yes
ac_cv_header_stdc=no
ac_cv_header_stdint_h=yes
ac_cv_header_stdlib_h=yes
ac_cv_header_string_h=yes
ac_cv_header_strings_h=yes
ac_cv_header_sys_socket_h=yes
ac_cv_header_sys_stat_h=yes
ac_cv_header_sys_types_h=yes
ac_cv_header_unistd_h=yes
ac_cv_header_vfork_h=no
ac_cv_lib_nsl_gethostbyaddr_r=no
ac_cv_lib_nsl_gethostbyname=no
ac_cv_lib_pthread_pthread_mutex_lock=yes
ac_cv_lib_socket_socket=no
ac_cv_objext=o
ac_cv_path_install='/usr/bin/install -c'
ac_cv_prog_AWK=gawk
ac_cv_prog_CPP='gcc -E'
ac_cv_prog_ac_ct_CC=gcc
ac_cv_prog_ac_ct_CXX=g++
ac_cv_prog_cc_g=yes
ac_cv_prog_cc_stdc=
ac_cv_prog_cxx_g=yes
ac_cv_prog_egrep='grep -E'
ac_cv_prog_make_make_set=yes
ac_cv_search_gethostbyname='none required'
ac_cv_search_socket='none required'
ac_cv_type__Bool=yes
ac_cv_type_pid_t=yes
am_cv_CC_dependencies_compiler_type=gcc3
am_cv_CXX_dependencies_compiler_type=gcc3

## ----------------- ##
## Output variables. ##
## ----------------- ##

ACLOCAL='${SHELL} /home/doc/repos/dmucs/missing --run aclocal-1.9'
AMDEPBACKSLASH='\'
AMDEP_FALSE='#'
AMDEP_TRUE=''
AMTAR='${SHELL} /home/doc/repos/dmucs/missing --run tar'
AUTOCONF='${SHELL} /home/doc/repos/dmucs/missing --run autoconf'
AUTOHEADER='${SHELL} /home/doc/repos/dmucs/missing --run autoheader'
AUTOMAKE='${SHELL} /home/doc/repos/dmucs/missing --run automake-1.9'
AWK='gawk'
CC='gcc'
CCDEPMODE='depmode=gcc3'
CFLAGS='-g -O2'
CPP='gcc -E'
CPPFLAGS=''
CXX='g++'
CXXDEPMODE='depmode=gcc3'
CXXFLAGS='-g -O2'
CYGPATH_W='echo'
DEFS='-DHAVE_CONFIG_H'
DEPDIR='.deps'
ECHO_C=''
ECHO_N='-n'
ECHO_T=''
EGREP='grep -E'
EXEEXT=''
INSTALL_DATA='${INSTALL} -m 644'
INSTALL_PROGRAM='${INSTALL}'
INSTALL_SCRIPT='${INSTALL}'
INSTALL_STRIP_PROGRAM='${SHELL} $(install_sh) -c -s'
LDFLAGS='-pthread '
LIBOBJS=''
LIBS=''
LTLIBOBJS=''
MAKEINFO='${SHELL} /home/doc/repos/dmucs/missing --run makeinfo'
OBJEXT='o'
PACKAGE='dmucs'
PACKAGE_BUGREPORT='vic.norman@gmail.com'
PACKAGE_NAME='dmucs'
PACKAGE_STRING='dmucs 0.5'
PACKAGE_TARNAME='dmucs'
PACKAGE_VERSION='0.5'
PATH_SEPARATOR=':'
SET_MAKE=''
SHELL='/bin/bash'
STRIP=''
VERSION='0.5'
ac_ct_CC='gcc'
ac_ct_CXX='g++'
ac_ct_STRIP=''
am__fastdepCC_FALSE='#'
am__fastdepCC_TRUE=''
am__fastdepCXX_FALSE='#'
am__fastdepCXX_TRUE=''
am__include='include'
am__leading_dot='.'
am__quote=''
am__tar='${AMTAR} chof - "$$tardir"'
am__untar='${AMTAR} xf -'
bindir='${exec_prefix}/bin'
build_alias=''
datadir='${prefix}/share'
exec_prefix='${prefix}'
host_alias=''
includedir='${prefix}/include'
infodir='${prefix}/info'
install_sh='/home/doc/repos/dmucs/install-sh'
libdir='${exec_prefix}/lib'
libexecdir='${exec_prefix}/libexec'
localstatedir='${prefix}/var'
mandir='${prefix}/man'
mkdir_p='mkdir -p --'
oldincludedir='/usr/include'
prefix='/usr/local'
program_transform_name='s,x,x,'
sbindir='${exec_prefix}/sbin'
sharedstatedir='${prefix}/com'
sysconfdir='${prefix}/etc'
target_alias=''

## ----------- ##
## confdefs.h. ##
## ----------- ##

#define HAVE_ARPA_INET_H 1
#define HAVE_FORK 1
#define HAVE_GETHOSTBYADDR 1
#define HAVE_GETHOSTBYADDR_R 1
#define HAVE_GETHOSTBYADDR_R_8_ARGS 1
#define HAVE_GETHOSTBYNAME 1
#define HAVE_GETHOSTNAME 1
#define HAVE_INET_NTOA 1
#define HAVE_INTTYPES_H 1
#define HAVE_LIBPTHREAD 1
#define HAVE_MEMORY_H 1
#define HAVE_NETDB_H 1
#define HAVE_NETINET_IN_H 1
#define HAVE_PUTENV 1
#define HAVE_STDBOOL_H 1
#define HAVE_STDINT_H 1
#define HAVE_STDLIB_H 1
#define HAVE_STRERROR 1
#define HAVE_STRINGS_H 1
#define HAVE_STRING_H 1
#define HAVE_SYS_SOCKET_H 1
#define HAVE_SYS_STAT_H 1
#define HAVE_SYS_TYPES_H 1
#define HAVE_UNISTD_H 1
#define HAVE_UNISTD_H 1
#define HAVE_UNISTD_H 1
#define HAVE_VFORK 1
#define HAVE_WORKING_VFORK 1
#define HAVE__BOOL 1
#define PACKAGE "dmucs"
#define PACKAGE_BUGREPORT "vic.norman@gmail.com"
#define PACKAGE_NAME "dmucs"
#define PACKAGE_STRING "dmucs 0.5"
#define PACKAGE_TARNAME "dmucs"
#define PACKAGE_VERSION "0.5"
#define VERSION "0.5"
#endif
#ifdef __cplusplus
extern "C" void std::exit (int) throw (); using std::exit;

configure: exit 0

## ---------------------- ##
## Running config.status. ##
## ---------------------- ##

This file was extended by dmucs config.status 0.5, which was
generated by GNU Autoconf 2.59.  Invocation command line was

  CONFIG_FILES    = 
  CONFIG_HEADERS  = 
  CONFIG_LINKS    = 
  CONFIG_COMMANDS = 
  $ ./config.status config.h

on zt-2013813

config.status:799: creating config.h
config.status:943: config.h is unchanged
